app/build/intermediates/manifest_merge_blame_file/release/manifest-merger-blame-release-report.txt
1<?xml version="1.0" encoding="utf-8"?>
2<manifest xmlns:android="http://schemas.android.com/apk/res/android"
3    package="com.dawn.java"
4    android:versionCode="1"
5    android:versionName="1.0" >
6
7    <uses-sdk
8        android:minSdkVersion="24"
8-->src\main\AndroidManifest.xml
9        android:targetSdkVersion="33" />
9-->src\main\AndroidManifest.xml
10    <!-- android:sharedUserId="android.uid.system" -->
11    <uses-feature
11-->src\main\AndroidManifest.xml:7:5-9:36
12        android:name="android.hardware.camera"
12-->src\main\AndroidManifest.xml:8:9-47
13        android:required="false" />
13-->src\main\AndroidManifest.xml:9:9-33
14
15    <uses-permission android:name="android.permission.WRITE_EXTERNAL_STORAGE" />
15-->src\main\AndroidManifest.xml:11:5-81
15-->src\main\AndroidManifest.xml:11:22-78
16    <uses-permission android:name="android.permission.CAMERA" />
16-->src\main\AndroidManifest.xml:12:5-65
16-->src\main\AndroidManifest.xml:12:22-62
17    <uses-permission android:name="android.permission.VIBRATE" />
17-->src\main\AndroidManifest.xml:13:5-66
17-->src\main\AndroidManifest.xml:13:22-63
18    <uses-permission android:name="android.permission.INTERNET" />
18-->src\main\AndroidManifest.xml:14:5-67
18-->src\main\AndroidManifest.xml:14:22-64
19    <uses-permission android:name="android.permission.READ_EXTERNAL_STORAGE" />
19-->[com.leon:lfilepickerlibrary:1.8.0] AndroidManifest.xml:12:5-80
19-->[com.leon:lfilepickerlibrary:1.8.0] AndroidManifest.xml:12:22-77
20
21    <application
21-->src\main\AndroidManifest.xml:15:5-48:19
22        android:name="com.dawn.java.ui.MyApplication"
22-->src\main\AndroidManifest.xml:17:9-41
23        android:allowBackup="true"
23-->src\main\AndroidManifest.xml:18:9-35
24        android:appComponentFactory="android.support.v4.app.CoreComponentFactory"
24-->[com.android.support:support-compat:28.0.0] AndroidManifest.xml:22:18-91
25        android:extractNativeLibs="false"
26        android:icon="@mipmap/ic_launcher"
26-->src\main\AndroidManifest.xml:19:9-43
27        android:label="@string/app_name"
27-->src\main\AndroidManifest.xml:20:9-41
28        android:roundIcon="@mipmap/ic_launcher_round"
28-->src\main\AndroidManifest.xml:21:9-54
29        android:supportsRtl="true"
29-->src\main\AndroidManifest.xml:22:9-35
30        android:theme="@style/DawnAppTheme"
30-->src\main\AndroidManifest.xml:23:9-44
31        android:usesCleartextTraffic="true" >
31-->src\main\AndroidManifest.xml:16:9-44
32        <activity android:name="com.dawn.java.ui.activity.CenterScanSettingActivity" />
32-->src\main\AndroidManifest.xml:25:9-75
32-->src\main\AndroidManifest.xml:25:19-72
33        <activity android:name="com.dawn.java.ui.activity.VersionShowActivity" />
33-->src\main\AndroidManifest.xml:26:9-69
33-->src\main\AndroidManifest.xml:26:19-66
34        <activity android:name="com.dawn.java.ui.activity.ImageShowActivity" />
34-->src\main\AndroidManifest.xml:27:9-67
34-->src\main\AndroidManifest.xml:27:19-64
35        <activity android:name="com.dawn.java.ui.activity.BatchScanActivity" />
35-->src\main\AndroidManifest.xml:28:9-67
35-->src\main\AndroidManifest.xml:28:19-64
36        <activity android:name="com.dawn.java.ui.activity.DebugAutoScanActivity" />
36-->src\main\AndroidManifest.xml:29:9-71
36-->src\main\AndroidManifest.xml:29:19-68
37        <activity android:name="com.dawn.java.ui.activity.DebugAccuracyActivity" />
37-->src\main\AndroidManifest.xml:30:9-71
37-->src\main\AndroidManifest.xml:30:19-68
38        <activity android:name="com.dawn.java.ui.activity.DebugUpdateActivity" />
38-->src\main\AndroidManifest.xml:31:9-69
38-->src\main\AndroidManifest.xml:31:19-66
39        <activity android:name="com.dawn.java.ui.activity.DeviceUpdateActivity" />
39-->src\main\AndroidManifest.xml:32:9-70
39-->src\main\AndroidManifest.xml:32:19-67
40        <activity android:name="com.dawn.java.ui.activity.DebugScanActivity" />
40-->src\main\AndroidManifest.xml:33:9-67
40-->src\main\AndroidManifest.xml:33:19-64
41        <activity android:name="com.dawn.java.ui.activity.PropValueSetActivity" />
41-->src\main\AndroidManifest.xml:34:9-70
41-->src\main\AndroidManifest.xml:34:19-67
42        <activity android:name="com.dawn.java.ui.activity.ParamSetActivity" />
42-->src\main\AndroidManifest.xml:35:9-66
42-->src\main\AndroidManifest.xml:35:19-63
43        <activity android:name="com.dawn.java.ui.activity.CodeSetActivity" />
43-->src\main\AndroidManifest.xml:36:9-65
43-->src\main\AndroidManifest.xml:36:19-62
44        <activity android:name="com.dawn.java.ui.activity.IlluminationSettingActivity" />
44-->src\main\AndroidManifest.xml:37:3-71
44-->src\main\AndroidManifest.xml:37:13-68
45        <activity android:name="com.dawn.java.ui.activity.HighLightSettingActivity" />
45-->src\main\AndroidManifest.xml:38:9-74
45-->src\main\AndroidManifest.xml:38:19-71
46        <activity
46-->src\main\AndroidManifest.xml:39:9-46:20
47            android:name="com.dawn.java.ui.homePage.HomeActivity"
47-->src\main\AndroidManifest.xml:39:19-59
48            android:exported="true" >
48-->src\main\AndroidManifest.xml:40:13-36
49            <intent-filter>
49-->src\main\AndroidManifest.xml:41:13-45:29
50                <action android:name="android.intent.action.MAIN" />
50-->src\main\AndroidManifest.xml:42:17-69
50-->src\main\AndroidManifest.xml:42:25-66
51
52                <category android:name="android.intent.category.LAUNCHER" />
52-->src\main\AndroidManifest.xml:44:17-77
52-->src\main\AndroidManifest.xml:44:27-74
53            </intent-filter>
54        </activity>
55        <activity android:name="com.dawn.java.ui.welcomePage.WelcomeActivity" />
55-->src\main\AndroidManifest.xml:47:9-68
55-->src\main\AndroidManifest.xml:47:19-65
56        <activity android:name="com.leon.lfilepickerlibrary.ui.LFilePickerActivity" />
56-->[com.leon:lfilepickerlibrary:1.8.0] AndroidManifest.xml:17:9-87
56-->[com.leon:lfilepickerlibrary:1.8.0] AndroidManifest.xml:17:19-84
57
58        <provider
58-->[com.leon:lfilepickerlibrary:1.8.0] AndroidManifest.xml:19:9-27:20
59            android:name="android.support.v4.content.FileProvider"
59-->[com.leon:lfilepickerlibrary:1.8.0] AndroidManifest.xml:20:13-67
60            android:authorities="com.dawn.java.provider"
60-->[com.leon:lfilepickerlibrary:1.8.0] AndroidManifest.xml:21:13-60
61            android:exported="false"
61-->[com.leon:lfilepickerlibrary:1.8.0] AndroidManifest.xml:22:13-37
62            android:grantUriPermissions="true" >
62-->[com.leon:lfilepickerlibrary:1.8.0] AndroidManifest.xml:23:13-47
63            <meta-data
63-->[com.leon:lfilepickerlibrary:1.8.0] AndroidManifest.xml:24:13-26:58
64                android:name="android.support.FILE_PROVIDER_PATHS"
64-->[com.leon:lfilepickerlibrary:1.8.0] AndroidManifest.xml:25:17-67
65                android:resource="@xml/provider_paths" />
65-->[com.leon:lfilepickerlibrary:1.8.0] AndroidManifest.xml:26:17-55
66        </provider>
67    </application>
68
69</manifest>